c:\users\hgl\desktop\github_project\face_detect_c\face_detect_c\face_detect_c\x64\debug\vc143.pdb
c:\users\hgl\desktop\github_project\face_detect_c\face_detect_c\face_detect_c\x64\debug\vc143.idb
c:\users\hgl\desktop\github_project\face_detect_c\face_detect_c\face_detect_c\x64\debug\main.obj
c:\users\hgl\desktop\github_project\face_detect_c\face_detect_c\x64\debug\face_detect_c.pdb
c:\users\hgl\desktop\github_project\face_detect_c\face_detect_c\face_detect_c\x64\debug\face_detect_c.tlog\cl.command.1.tlog
c:\users\hgl\desktop\github_project\face_detect_c\face_detect_c\face_detect_c\x64\debug\face_detect_c.tlog\cl.read.1.tlog
c:\users\hgl\desktop\github_project\face_detect_c\face_detect_c\face_detect_c\x64\debug\face_detect_c.tlog\cl.write.1.tlog
c:\users\hgl\desktop\github_project\face_detect_c\face_detect_c\face_detect_c\x64\debug\face_detect_c.tlog\link-cvtres.read.1.tlog
c:\users\hgl\desktop\github_project\face_detect_c\face_detect_c\face_detect_c\x64\debug\face_detect_c.tlog\link-cvtres.write.1.tlog
c:\users\hgl\desktop\github_project\face_detect_c\face_detect_c\face_detect_c\x64\debug\face_detect_c.tlog\link-rc.read.1.tlog
c:\users\hgl\desktop\github_project\face_detect_c\face_detect_c\face_detect_c\x64\debug\face_detect_c.tlog\link-rc.write.1.tlog
c:\users\hgl\desktop\github_project\face_detect_c\face_detect_c\face_detect_c\x64\debug\face_detect_c.tlog\link.14744-cvtres.read.1.tlog
c:\users\hgl\desktop\github_project\face_detect_c\face_detect_c\face_detect_c\x64\debug\face_detect_c.tlog\link.14744-cvtres.write.1.tlog
c:\users\hgl\desktop\github_project\face_detect_c\face_detect_c\face_detect_c\x64\debug\face_detect_c.tlog\link.14744-rc.read.1.tlog
c:\users\hgl\desktop\github_project\face_detect_c\face_detect_c\face_detect_c\x64\debug\face_detect_c.tlog\link.14744-rc.write.1.tlog
c:\users\hgl\desktop\github_project\face_detect_c\face_detect_c\face_detect_c\x64\debug\face_detect_c.tlog\link.14744.read.1.tlog
c:\users\hgl\desktop\github_project\face_detect_c\face_detect_c\face_detect_c\x64\debug\face_detect_c.tlog\link.14744.read.3.tlog
c:\users\hgl\desktop\github_project\face_detect_c\face_detect_c\face_detect_c\x64\debug\face_detect_c.tlog\link.14744.write.1.tlog
c:\users\hgl\desktop\github_project\face_detect_c\face_detect_c\face_detect_c\x64\debug\face_detect_c.tlog\link.command.1.tlog
c:\users\hgl\desktop\github_project\face_detect_c\face_detect_c\face_detect_c\x64\debug\face_detect_c.tlog\link.read.1.tlog
c:\users\hgl\desktop\github_project\face_detect_c\face_detect_c\face_detect_c\x64\debug\face_detect_c.tlog\link.read.2.tlog
c:\users\hgl\desktop\github_project\face_detect_c\face_detect_c\face_detect_c\x64\debug\face_detect_c.tlog\link.write.1.tlog
